<?xml version="1.0" encoding="UTF-8"?>
<coverage generated="1629411328677" clover="3.2.0">
  <project timestamp="1629411328677" name="All files">
    <metrics statements="63" coveredstatements="63" conditionals="44" coveredconditionals="44" methods="31" coveredmethods="31" elements="138" coveredelements="138" complexity="0" loc="63" ncloc="63" packages="1" files="1" classes="1"/>
    <file name="index.ts" path="/Users/sambernheim/Excoptional/src/index.ts">
      <metrics statements="63" coveredstatements="63" conditionals="44" coveredconditionals="44" methods="31" coveredmethods="31"/>
      <line num="2" count="42" type="stmt"/>
      <line num="4" count="53" type="stmt"/>
      <line num="9" count="2" type="stmt"/>
      <line num="16" count="95" type="stmt"/>
      <line num="22" count="2" type="stmt"/>
      <line num="23" count="5" type="stmt"/>
      <line num="29" count="2" type="stmt"/>
      <line num="30" count="75" type="stmt"/>
      <line num="37" count="2" type="stmt"/>
      <line num="38" count="2" type="stmt"/>
      <line num="45" count="2" type="stmt"/>
      <line num="46" count="2" type="stmt"/>
      <line num="53" count="2" type="stmt"/>
      <line num="54" count="4" type="stmt"/>
      <line num="64" count="2" type="stmt"/>
      <line num="65" count="25" type="cond" truecount="2" falsecount="0"/>
      <line num="66" count="24" type="stmt"/>
      <line num="69" count="1" type="stmt"/>
      <line num="80" count="2" type="stmt"/>
      <line num="81" count="4" type="stmt"/>
      <line num="100" count="2" type="stmt"/>
      <line num="101" count="2" type="stmt"/>
      <line num="111" count="2" type="stmt"/>
      <line num="112" count="5" type="stmt"/>
      <line num="140" count="2" type="stmt"/>
      <line num="141" count="1" type="stmt"/>
      <line num="148" count="2" type="stmt"/>
      <line num="149" count="2" type="stmt"/>
      <line num="158" count="2" type="stmt"/>
      <line num="159" count="3" type="stmt"/>
      <line num="194" count="2" type="stmt"/>
      <line num="195" count="1" type="stmt"/>
      <line num="226" count="2" type="stmt"/>
      <line num="228" count="4" type="cond" truecount="2" falsecount="0"/>
      <line num="229" count="2" type="stmt"/>
      <line num="231" count="2" type="stmt"/>
      <line num="236" count="2" type="stmt"/>
      <line num="261" count="2" type="stmt"/>
      <line num="262" count="3" type="cond" truecount="2" falsecount="0"/>
      <line num="263" count="1" type="stmt"/>
      <line num="266" count="2" type="cond" truecount="4" falsecount="0"/>
      <line num="267" count="1" type="stmt"/>
      <line num="272" count="1" type="stmt"/>
      <line num="279" count="2" type="stmt"/>
      <line num="280" count="3" type="cond" truecount="2" falsecount="0"/>
      <line num="290" count="2" type="stmt"/>
      <line num="291" count="3" type="cond" truecount="2" falsecount="0"/>
      <line num="304" count="2" type="stmt"/>
      <line num="306" count="7" type="cond" truecount="2" falsecount="0"/>
      <line num="308" count="4" type="cond" truecount="2" falsecount="0"/>
      <line num="317" count="2" type="stmt"/>
      <line num="318" count="2" type="stmt"/>
      <line num="327" count="2" type="stmt"/>
      <line num="328" count="2" type="stmt"/>
      <line num="342" count="2" type="stmt"/>
      <line num="343" count="6" type="stmt"/>
      <line num="351" count="2" type="stmt"/>
      <line num="352" count="2" type="stmt"/>
      <line num="364" count="2" type="stmt"/>
      <line num="365" count="2" type="stmt"/>
      <line num="372" count="2" type="stmt"/>
      <line num="373" count="2" type="stmt"/>
      <line num="377" count="2" type="stmt"/>
    </file>
  </project>
</coverage>
