<?xml version="1.0" encoding="UTF-8"?>
<coverage generated="1629395029001" clover="3.2.0">
  <project timestamp="1629395029001" name="All files">
    <metrics statements="58" coveredstatements="57" conditionals="40" coveredconditionals="39" methods="30" coveredmethods="30" elements="128" coveredelements="126" complexity="0" loc="58" ncloc="58" packages="1" files="1" classes="1"/>
    <file name="index.ts" path="/Users/sambernheim/Excoptional/src/index.ts">
      <metrics statements="58" coveredstatements="57" conditionals="40" coveredconditionals="39" methods="30" coveredmethods="30"/>
      <line num="2" count="37" type="stmt"/>
      <line num="4" count="46" type="stmt"/>
      <line num="9" count="2" type="stmt"/>
      <line num="16" count="83" type="stmt"/>
      <line num="22" count="2" type="stmt"/>
      <line num="23" count="5" type="stmt"/>
      <line num="29" count="2" type="stmt"/>
      <line num="30" count="66" type="stmt"/>
      <line num="37" count="2" type="stmt"/>
      <line num="38" count="2" type="stmt"/>
      <line num="45" count="2" type="stmt"/>
      <line num="46" count="2" type="stmt"/>
      <line num="53" count="2" type="stmt"/>
      <line num="54" count="4" type="stmt"/>
      <line num="64" count="2" type="stmt"/>
      <line num="65" count="20" type="cond" truecount="1" falsecount="1"/>
      <line num="66" count="20" type="stmt"/>
      <line num="69" count="0" type="stmt"/>
      <line num="80" count="2" type="stmt"/>
      <line num="81" count="4" type="stmt"/>
      <line num="100" count="2" type="stmt"/>
      <line num="101" count="2" type="stmt"/>
      <line num="111" count="2" type="stmt"/>
      <line num="112" count="5" type="stmt"/>
      <line num="140" count="2" type="stmt"/>
      <line num="141" count="1" type="stmt"/>
      <line num="148" count="2" type="stmt"/>
      <line num="149" count="2" type="stmt"/>
      <line num="158" count="2" type="stmt"/>
      <line num="159" count="3" type="stmt"/>
      <line num="194" count="2" type="stmt"/>
      <line num="195" count="1" type="stmt"/>
      <line num="218" count="2" type="stmt"/>
      <line num="219" count="3" type="cond" truecount="2" falsecount="0"/>
      <line num="220" count="1" type="stmt"/>
      <line num="223" count="2" type="cond" truecount="4" falsecount="0"/>
      <line num="224" count="1" type="stmt"/>
      <line num="229" count="1" type="stmt"/>
      <line num="236" count="2" type="stmt"/>
      <line num="237" count="3" type="cond" truecount="2" falsecount="0"/>
      <line num="247" count="2" type="stmt"/>
      <line num="248" count="3" type="cond" truecount="2" falsecount="0"/>
      <line num="261" count="2" type="stmt"/>
      <line num="263" count="7" type="cond" truecount="2" falsecount="0"/>
      <line num="265" count="4" type="cond" truecount="2" falsecount="0"/>
      <line num="274" count="2" type="stmt"/>
      <line num="275" count="2" type="stmt"/>
      <line num="284" count="2" type="stmt"/>
      <line num="285" count="2" type="stmt"/>
      <line num="299" count="2" type="stmt"/>
      <line num="300" count="6" type="stmt"/>
      <line num="308" count="2" type="stmt"/>
      <line num="309" count="2" type="stmt"/>
      <line num="321" count="2" type="stmt"/>
      <line num="322" count="2" type="stmt"/>
      <line num="329" count="2" type="stmt"/>
      <line num="330" count="2" type="stmt"/>
      <line num="334" count="2" type="stmt"/>
    </file>
  </project>
</coverage>
