{"/Users/sambernheim/excoptional/src/index.ts": {"path":"/Users/sambernheim/excoptional/src/index.ts","statementMap":{"0":{"start":{"line":4,"column":20},"end":{"line":7,"column":1}},"1":{"start":{"line":6,"column":4},"end":{"line":6,"column":33}},"2":{"start":{"line":4,"column":13},"end":{"line":4,"column":20}},"3":{"start":{"line":15,"column":20},"end":{"line":18,"column":1}},"4":{"start":{"line":17,"column":4},"end":{"line":17,"column":27}},"5":{"start":{"line":15,"column":13},"end":{"line":15,"column":20}},"6":{"start":{"line":29,"column":0},"end":{"line":29,"column":13}},"7":{"start":{"line":36,"column":8},"end":{"line":36,"column":23}},"8":{"start":{"line":42,"column":4},"end":{"line":44,"column":null}},"9":{"start":{"line":43,"column":8},"end":{"line":43,"column":38}},"10":{"start":{"line":49,"column":4},"end":{"line":51,"column":null}},"11":{"start":{"line":50,"column":8},"end":{"line":50,"column":38}},"12":{"start":{"line":57,"column":4},"end":{"line":59,"column":null}},"13":{"start":{"line":58,"column":8},"end":{"line":58,"column":29}},"14":{"start":{"line":65,"column":4},"end":{"line":67,"column":null}},"15":{"start":{"line":66,"column":8},"end":{"line":66,"column":29}},"16":{"start":{"line":73,"column":4},"end":{"line":77,"column":null}},"17":{"start":{"line":74,"column":8},"end":{"line":76,"column":19}},"18":{"start":{"line":86,"column":12},"end":{"line":96,"column":null}},"19":{"start":{"line":87,"column":8},"end":{"line":89,"column":null}},"20":{"start":{"line":88,"column":12},"end":{"line":88,"column":28}},"21":{"start":{"line":91,"column":8},"end":{"line":95,"column":10}},"22":{"start":{"line":102,"column":4},"end":{"line":106,"column":null}},"23":{"start":{"line":103,"column":8},"end":{"line":105,"column":21}},"24":{"start":{"line":123,"column":4},"end":{"line":127,"column":null}},"25":{"start":{"line":124,"column":8},"end":{"line":126,"column":24}},"26":{"start":{"line":138,"column":4},"end":{"line":142,"column":null}},"27":{"start":{"line":139,"column":8},"end":{"line":141,"column":19}},"28":{"start":{"line":171,"column":11},"end":{"line":173,"column":null}},"29":{"start":{"line":172,"column":8},"end":{"line":172,"column":47}},"30":{"start":{"line":172,"column":35},"end":{"line":172,"column":47}},"31":{"start":{"line":191,"column":11},"end":{"line":197,"column":null}},"32":{"start":{"line":196,"column":8},"end":{"line":196,"column":null}},"33":{"start":{"line":239,"column":11},"end":{"line":267,"column":null}},"34":{"start":{"line":242,"column":8},"end":{"line":242,"column":56}},"35":{"start":{"line":245,"column":24},"end":{"line":262,"column":9}},"36":{"start":{"line":250,"column":12},"end":{"line":252,"column":null}},"37":{"start":{"line":251,"column":16},"end":{"line":251,"column":40}},"38":{"start":{"line":254,"column":33},"end":{"line":255,"column":null}},"39":{"start":{"line":258,"column":12},"end":{"line":261,"column":null}},"40":{"start":{"line":264,"column":29},"end":{"line":264,"column":50}},"41":{"start":{"line":264,"column":47},"end":{"line":264,"column":50}},"42":{"start":{"line":266,"column":8},"end":{"line":266,"column":43}},"43":{"start":{"line":293,"column":4},"end":{"line":316,"column":null}},"44":{"start":{"line":296,"column":8},"end":{"line":298,"column":null}},"45":{"start":{"line":297,"column":12},"end":{"line":297,"column":26}},"46":{"start":{"line":305,"column":8},"end":{"line":307,"column":null}},"47":{"start":{"line":306,"column":12},"end":{"line":306,"column":26}},"48":{"start":{"line":311,"column":35},"end":{"line":311,"column":71}},"49":{"start":{"line":314,"column":8},"end":{"line":314,"column":43}},"50":{"start":{"line":323,"column":4},"end":{"line":326,"column":null}},"51":{"start":{"line":324,"column":8},"end":{"line":325,"column":39}},"52":{"start":{"line":339,"column":4},"end":{"line":343,"column":null}},"53":{"start":{"line":340,"column":8},"end":{"line":342,"column":19}},"54":{"start":{"line":381,"column":11},"end":{"line":385,"column":null}},"55":{"start":{"line":384,"column":8},"end":{"line":384,"column":51}},"56":{"start":{"line":384,"column":35},"end":{"line":384,"column":51}},"57":{"start":{"line":421,"column":4},"end":{"line":433,"column":null}},"58":{"start":{"line":423,"column":8},"end":{"line":429,"column":null}},"59":{"start":{"line":424,"column":27},"end":{"line":424,"column":49}},"60":{"start":{"line":426,"column":12},"end":{"line":428,"column":29}},"61":{"start":{"line":431,"column":8},"end":{"line":431,"column":22}},"62":{"start":{"line":461,"column":4},"end":{"line":473,"column":null}},"63":{"start":{"line":462,"column":8},"end":{"line":464,"column":null}},"64":{"start":{"line":463,"column":12},"end":{"line":463,"column":26}},"65":{"start":{"line":466,"column":8},"end":{"line":468,"column":null}},"66":{"start":{"line":467,"column":12},"end":{"line":467,"column":62}},"67":{"start":{"line":472,"column":8},"end":{"line":472,"column":44}},"68":{"start":{"line":479,"column":4},"end":{"line":483,"column":null}},"69":{"start":{"line":480,"column":8},"end":{"line":482,"column":19}},"70":{"start":{"line":489,"column":4},"end":{"line":493,"column":null}},"71":{"start":{"line":490,"column":8},"end":{"line":492,"column":17}},"72":{"start":{"line":503,"column":4},"end":{"line":516,"column":null}},"73":{"start":{"line":505,"column":8},"end":{"line":511,"column":null}},"74":{"start":{"line":511,"column":13},"end":{"line":511,"column":null}},"75":{"start":{"line":513,"column":8},"end":{"line":515,"column":18}},"76":{"start":{"line":522,"column":4},"end":{"line":526,"column":null}},"77":{"start":{"line":523,"column":8},"end":{"line":525,"column":15}},"78":{"start":{"line":532,"column":4},"end":{"line":536,"column":null}},"79":{"start":{"line":533,"column":8},"end":{"line":535,"column":22}},"80":{"start":{"line":548,"column":4},"end":{"line":552,"column":null}},"81":{"start":{"line":549,"column":8},"end":{"line":551,"column":19}},"82":{"start":{"line":557,"column":4},"end":{"line":559,"column":null}},"83":{"start":{"line":558,"column":8},"end":{"line":558,"column":31}},"84":{"start":{"line":587,"column":4},"end":{"line":593,"column":null}},"85":{"start":{"line":588,"column":28},"end":{"line":590,"column":24}},"86":{"start":{"line":592,"column":8},"end":{"line":592,"column":33}},"87":{"start":{"line":622,"column":4},"end":{"line":625,"column":null}},"88":{"start":{"line":623,"column":8},"end":{"line":623,"column":33}},"89":{"start":{"line":624,"column":8},"end":{"line":624,"column":20}},"90":{"start":{"line":631,"column":11},"end":{"line":635,"column":null}},"91":{"start":{"line":632,"column":8},"end":{"line":634,"column":19}},"92":{"start":{"line":636,"column":0},"end":{"line":636,"column":null}},"93":{"start":{"line":29,"column":13},"end":{"line":29,"column":19}}},"fnMap":{"0":{"name":"(anonymous_0)","decl":{"start":{"line":4,"column":20},"end":{"line":4,"column":null}},"loc":{"start":{"line":4,"column":20},"end":{"line":7,"column":1}}},"1":{"name":"(anonymous_1)","decl":{"start":{"line":15,"column":20},"end":{"line":15,"column":24}},"loc":{"start":{"line":15,"column":30},"end":{"line":18,"column":1}}},"2":{"name":"(anonymous_2)","decl":{"start":{"line":29,"column":0},"end":{"line":29,"column":13}},"loc":{"start":{"line":29,"column":0},"end":{"line":636,"column":null}}},"3":{"name":"Option","decl":{"start":{"line":35,"column":4},"end":{"line":35,"column":24}},"loc":{"start":{"line":35,"column":30},"end":{"line":37,"column":5}}},"4":{"name":"(anonymous_4)","decl":{"start":{"line":42,"column":4},"end":{"line":42,"column":10}},"loc":{"start":{"line":42,"column":4},"end":{"line":44,"column":5}}},"5":{"name":"(anonymous_5)","decl":{"start":{"line":49,"column":4},"end":{"line":49,"column":10}},"loc":{"start":{"line":49,"column":4},"end":{"line":51,"column":5}}},"6":{"name":"(anonymous_6)","decl":{"start":{"line":57,"column":4},"end":{"line":57,"column":10}},"loc":{"start":{"line":57,"column":4},"end":{"line":59,"column":5}}},"7":{"name":"(anonymous_7)","decl":{"start":{"line":65,"column":4},"end":{"line":65,"column":12}},"loc":{"start":{"line":65,"column":4},"end":{"line":67,"column":5}}},"8":{"name":"(anonymous_8)","decl":{"start":{"line":73,"column":4},"end":{"line":73,"column":7}},"loc":{"start":{"line":73,"column":4},"end":{"line":77,"column":5}}},"9":{"name":"(anonymous_9)","decl":{"start":{"line":86,"column":4},"end":{"line":86,"column":12}},"loc":{"start":{"line":86,"column":4},"end":{"line":96,"column":5}}},"10":{"name":"(anonymous_10)","decl":{"start":{"line":102,"column":4},"end":{"line":102,"column":13}},"loc":{"start":{"line":102,"column":28},"end":{"line":106,"column":5}}},"11":{"name":"(anonymous_11)","decl":{"start":{"line":123,"column":4},"end":{"line":123,"column":10}},"loc":{"start":{"line":123,"column":36},"end":{"line":127,"column":5}}},"12":{"name":"(anonymous_12)","decl":{"start":{"line":138,"column":4},"end":{"line":138,"column":7}},"loc":{"start":{"line":138,"column":28},"end":{"line":142,"column":5}}},"13":{"name":"(anonymous_13)","decl":{"start":{"line":171,"column":4},"end":{"line":171,"column":11}},"loc":{"start":{"line":171,"column":38},"end":{"line":173,"column":5}}},"14":{"name":"(anonymous_14)","decl":{"start":{"line":172,"column":15},"end":{"line":172,"column":16}},"loc":{"start":{"line":172,"column":30},"end":{"line":172,"column":38}}},"15":{"name":"(anonymous_15)","decl":{"start":{"line":191,"column":4},"end":{"line":191,"column":11}},"loc":{"start":{"line":193,"column":10},"end":{"line":197,"column":5}}},"16":{"name":"(anonymous_16)","decl":{"start":{"line":239,"column":4},"end":{"line":239,"column":11}},"loc":{"start":{"line":241,"column":10},"end":{"line":267,"column":5}}},"17":{"name":"(anonymous_17)","decl":{"start":{"line":245,"column":24},"end":{"line":245,"column":null}},"loc":{"start":{"line":247,"column":41},"end":{"line":262,"column":9}}},"18":{"name":"(anonymous_18)","decl":{"start":{"line":264,"column":41},"end":{"line":264,"column":47}},"loc":{"start":{"line":264,"column":41},"end":{"line":264,"column":49}}},"19":{"name":"(anonymous_19)","decl":{"start":{"line":293,"column":4},"end":{"line":293,"column":6}},"loc":{"start":{"line":293,"column":27},"end":{"line":316,"column":5}}},"20":{"name":"(anonymous_20)","decl":{"start":{"line":323,"column":4},"end":{"line":323,"column":8}},"loc":{"start":{"line":323,"column":49},"end":{"line":326,"column":5}}},"21":{"name":"(anonymous_21)","decl":{"start":{"line":339,"column":4},"end":{"line":339,"column":11}},"loc":{"start":{"line":339,"column":40},"end":{"line":343,"column":5}}},"22":{"name":"(anonymous_22)","decl":{"start":{"line":381,"column":4},"end":{"line":381,"column":11}},"loc":{"start":{"line":382,"column":33},"end":{"line":385,"column":5}}},"23":{"name":"(anonymous_23)","decl":{"start":{"line":384,"column":15},"end":{"line":384,"column":16}},"loc":{"start":{"line":384,"column":30},"end":{"line":384,"column":38}}},"24":{"name":"(anonymous_24)","decl":{"start":{"line":421,"column":4},"end":{"line":421,"column":8}},"loc":{"start":{"line":421,"column":41},"end":{"line":433,"column":5}}},"25":{"name":"(anonymous_25)","decl":{"start":{"line":461,"column":4},"end":{"line":461,"column":11}},"loc":{"start":{"line":461,"column":4},"end":{"line":473,"column":5}}},"26":{"name":"(anonymous_26)","decl":{"start":{"line":479,"column":4},"end":{"line":479,"column":10}},"loc":{"start":{"line":479,"column":40},"end":{"line":483,"column":5}}},"27":{"name":"(anonymous_27)","decl":{"start":{"line":489,"column":4},"end":{"line":489,"column":13}},"loc":{"start":{"line":489,"column":43},"end":{"line":493,"column":5}}},"28":{"name":"(anonymous_28)","decl":{"start":{"line":503,"column":4},"end":{"line":503,"column":12}},"loc":{"start":{"line":511,"column":30},"end":{"line":516,"column":5}}},"29":{"name":"(anonymous_29)","decl":{"start":{"line":505,"column":8},"end":{"line":505,"column":null}},"loc":{"start":{"line":510,"column":18},"end":{"line":511,"column":19}}},"30":{"name":"(anonymous_30)","decl":{"start":{"line":522,"column":4},"end":{"line":522,"column":11}},"loc":{"start":{"line":522,"column":4},"end":{"line":526,"column":5}}},"31":{"name":"(anonymous_31)","decl":{"start":{"line":532,"column":4},"end":{"line":532,"column":9}},"loc":{"start":{"line":532,"column":4},"end":{"line":536,"column":5}}},"32":{"name":"(anonymous_32)","decl":{"start":{"line":548,"column":4},"end":{"line":548,"column":12}},"loc":{"start":{"line":548,"column":4},"end":{"line":552,"column":5}}},"33":{"name":"(anonymous_33)","decl":{"start":{"line":557,"column":4},"end":{"line":557,"column":9}},"loc":{"start":{"line":557,"column":4},"end":{"line":559,"column":5}}},"34":{"name":"(anonymous_34)","decl":{"start":{"line":587,"column":4},"end":{"line":587,"column":7}},"loc":{"start":{"line":587,"column":46},"end":{"line":593,"column":5}}},"35":{"name":"(anonymous_35)","decl":{"start":{"line":622,"column":4},"end":{"line":622,"column":18}},"loc":{"start":{"line":622,"column":57},"end":{"line":625,"column":5}}},"36":{"name":"(anonymous_36)","decl":{"start":{"line":631,"column":4},"end":{"line":631,"column":11}},"loc":{"start":{"line":631,"column":24},"end":{"line":635,"column":5}}}},"branchMap":{"0":{"loc":{"start":{"line":75,"column":12},"end":{"line":75,"column":20}},"type":"cond-expr","locations":[{"start":{"line":75,"column":12},"end":{"line":75,"column":20}},{"start":{"line":76,"column":12},"end":{"line":76,"column":18}}]},"1":{"loc":{"start":{"line":87,"column":8},"end":{"line":89,"column":null}},"type":"if","locations":[{"start":{"line":87,"column":8},"end":{"line":89,"column":null}},{"start":{"line":87,"column":8},"end":{"line":89,"column":null}}]},"2":{"loc":{"start":{"line":104,"column":12},"end":{"line":104,"column":30}},"type":"cond-expr","locations":[{"start":{"line":104,"column":12},"end":{"line":104,"column":30}},{"start":{"line":105,"column":12},"end":{"line":105,"column":20}}]},"3":{"loc":{"start":{"line":125,"column":12},"end":{"line":125,"column":16}},"type":"cond-expr","locations":[{"start":{"line":125,"column":12},"end":{"line":125,"column":16}},{"start":{"line":126,"column":12},"end":{"line":126,"column":23}}]},"4":{"loc":{"start":{"line":140,"column":12},"end":{"line":140,"column":40}},"type":"cond-expr","locations":[{"start":{"line":140,"column":12},"end":{"line":140,"column":40}},{"start":{"line":141,"column":12},"end":{"line":141,"column":18}}]},"5":{"loc":{"start":{"line":250,"column":12},"end":{"line":252,"column":null}},"type":"if","locations":[{"start":{"line":250,"column":12},"end":{"line":252,"column":null}},{"start":{"line":250,"column":12},"end":{"line":252,"column":null}}]},"6":{"loc":{"start":{"line":296,"column":8},"end":{"line":298,"column":null}},"type":"if","locations":[{"start":{"line":296,"column":8},"end":{"line":298,"column":null}},{"start":{"line":296,"column":8},"end":{"line":298,"column":null}}]},"7":{"loc":{"start":{"line":305,"column":8},"end":{"line":307,"column":null}},"type":"if","locations":[{"start":{"line":305,"column":8},"end":{"line":307,"column":null}},{"start":{"line":305,"column":8},"end":{"line":307,"column":null}}]},"8":{"loc":{"start":{"line":341,"column":12},"end":{"line":341,"column":34}},"type":"cond-expr","locations":[{"start":{"line":341,"column":12},"end":{"line":341,"column":34}},{"start":{"line":342,"column":12},"end":{"line":342,"column":18}}]},"9":{"loc":{"start":{"line":423,"column":8},"end":{"line":429,"column":null}},"type":"if","locations":[{"start":{"line":423,"column":8},"end":{"line":429,"column":null}},{"start":{"line":423,"column":8},"end":{"line":429,"column":null}}]},"10":{"loc":{"start":{"line":427,"column":16},"end":{"line":427,"column":22}},"type":"cond-expr","locations":[{"start":{"line":427,"column":16},"end":{"line":427,"column":22}},{"start":{"line":428,"column":16},"end":{"line":428,"column":28}}]},"11":{"loc":{"start":{"line":462,"column":8},"end":{"line":464,"column":null}},"type":"if","locations":[{"start":{"line":462,"column":8},"end":{"line":464,"column":null}},{"start":{"line":462,"column":8},"end":{"line":464,"column":null}}]},"12":{"loc":{"start":{"line":466,"column":8},"end":{"line":468,"column":null}},"type":"if","locations":[{"start":{"line":466,"column":8},"end":{"line":468,"column":null}},{"start":{"line":466,"column":8},"end":{"line":468,"column":null}}]},"13":{"loc":{"start":{"line":466,"column":12},"end":{"line":466,"column":25}},"type":"binary-expr","locations":[{"start":{"line":466,"column":12},"end":{"line":466,"column":25}},{"start":{"line":466,"column":29},"end":{"line":466,"column":57}}]},"14":{"loc":{"start":{"line":481,"column":12},"end":{"line":481,"column":16}},"type":"cond-expr","locations":[{"start":{"line":481,"column":12},"end":{"line":481,"column":16}},{"start":{"line":482,"column":12},"end":{"line":482,"column":18}}]},"15":{"loc":{"start":{"line":480,"column":15},"end":{"line":480,"column":28}},"type":"binary-expr","locations":[{"start":{"line":480,"column":15},"end":{"line":480,"column":28}},{"start":{"line":480,"column":32},"end":{"line":480,"column":60}}]},"16":{"loc":{"start":{"line":491,"column":12},"end":{"line":491,"column":18}},"type":"cond-expr","locations":[{"start":{"line":491,"column":12},"end":{"line":491,"column":18}},{"start":{"line":492,"column":12},"end":{"line":492,"column":16}}]},"17":{"loc":{"start":{"line":490,"column":15},"end":{"line":490,"column":28}},"type":"binary-expr","locations":[{"start":{"line":490,"column":15},"end":{"line":490,"column":28}},{"start":{"line":490,"column":32},"end":{"line":490,"column":60}}]},"18":{"loc":{"start":{"line":505,"column":8},"end":{"line":511,"column":null}},"type":"if","locations":[{"start":{"line":505,"column":8},"end":{"line":511,"column":null}},{"start":{"line":505,"column":8},"end":{"line":511,"column":null}}]},"19":{"loc":{"start":{"line":514,"column":12},"end":{"line":514,"column":16}},"type":"cond-expr","locations":[{"start":{"line":514,"column":12},"end":{"line":514,"column":16}},{"start":{"line":515,"column":12},"end":{"line":515,"column":17}}]},"20":{"loc":{"start":{"line":513,"column":15},"end":{"line":513,"column":28}},"type":"binary-expr","locations":[{"start":{"line":513,"column":15},"end":{"line":513,"column":28}},{"start":{"line":513,"column":32},"end":{"line":513,"column":67}}]},"21":{"loc":{"start":{"line":524,"column":12},"end":{"line":524,"column":32}},"type":"cond-expr","locations":[{"start":{"line":524,"column":12},"end":{"line":524,"column":32}},{"start":{"line":525,"column":12},"end":{"line":525,"column":14}}]},"22":{"loc":{"start":{"line":534,"column":12},"end":{"line":534,"column":48}},"type":"cond-expr","locations":[{"start":{"line":534,"column":12},"end":{"line":534,"column":48}},{"start":{"line":535,"column":12},"end":{"line":535,"column":21}}]},"23":{"loc":{"start":{"line":550,"column":12},"end":{"line":550,"column":41}},"type":"cond-expr","locations":[{"start":{"line":550,"column":12},"end":{"line":550,"column":41}},{"start":{"line":551,"column":12},"end":{"line":551,"column":18}}]},"24":{"loc":{"start":{"line":589,"column":12},"end":{"line":589,"column":32}},"type":"cond-expr","locations":[{"start":{"line":589,"column":12},"end":{"line":589,"column":32}},{"start":{"line":590,"column":12},"end":{"line":590,"column":24}}]},"25":{"loc":{"start":{"line":633,"column":12},"end":{"line":633,"column":21}},"type":"cond-expr","locations":[{"start":{"line":633,"column":12},"end":{"line":633,"column":21}},{"start":{"line":634,"column":12},"end":{"line":634,"column":18}}]}},"s":{"0":2,"1":55,"2":2,"3":2,"4":82,"5":2,"6":2,"7":137,"8":2,"9":13,"10":2,"11":134,"12":2,"13":2,"14":2,"15":2,"16":2,"17":23,"18":2,"19":41,"20":40,"21":1,"22":2,"23":7,"24":2,"25":2,"26":2,"27":19,"28":2,"29":2,"30":2,"31":2,"32":1,"33":2,"34":9,"35":2,"36":7,"37":2,"38":5,"39":5,"40":2,"41":2,"42":2,"43":2,"44":8,"45":1,"46":7,"47":1,"48":6,"49":6,"50":2,"51":3,"52":2,"53":3,"54":2,"55":1,"56":1,"57":2,"58":7,"59":4,"60":4,"61":3,"62":2,"63":3,"64":1,"65":2,"66":1,"67":1,"68":2,"69":3,"70":2,"71":3,"72":2,"73":7,"74":2,"75":4,"76":2,"77":2,"78":2,"79":2,"80":2,"81":10,"82":2,"83":8,"84":2,"85":8,"86":8,"87":2,"88":4,"89":4,"90":2,"91":2,"92":2,"93":2},"f":{"0":55,"1":82,"2":2,"3":137,"4":13,"5":134,"6":2,"7":2,"8":23,"9":41,"10":7,"11":2,"12":19,"13":2,"14":2,"15":1,"16":2,"17":7,"18":2,"19":8,"20":3,"21":3,"22":1,"23":1,"24":7,"25":3,"26":3,"27":3,"28":4,"29":2,"30":2,"31":2,"32":10,"33":8,"34":8,"35":4,"36":2},"b":{"0":[22,1],"1":[40,1],"2":[3,4],"3":[1,1],"4":[14,5],"5":[2,5],"6":[1,7],"7":[1,6],"8":[2,1],"9":[4,3],"10":[2,2],"11":[1,2],"12":[1,1],"13":[2,2],"14":[1,2],"15":[3,2],"16":[1,2],"17":[3,2],"18":[3,1],"19":[2,2],"20":[4,3],"21":[1,1],"22":[1,1],"23":[5,5],"24":[6,2],"25":[1,1]}}
}
