{"/Users/sambernheim/Excoptional/src/index.ts": {"path":"/Users/sambernheim/Excoptional/src/index.ts","statementMap":{"0":{"start":{"line":2,"column":20},"end":{"line":2,"column":30}},"1":{"start":{"line":2,"column":26},"end":{"line":2,"column":48}},"2":{"start":{"line":2,"column":13},"end":{"line":2,"column":20}},"3":{"start":{"line":4,"column":20},"end":{"line":4,"column":48}},"4":{"start":{"line":4,"column":44},"end":{"line":4,"column":60}},"5":{"start":{"line":4,"column":13},"end":{"line":4,"column":20}},"6":{"start":{"line":9,"column":0},"end":{"line":9,"column":13}},"7":{"start":{"line":16,"column":8},"end":{"line":16,"column":23}},"8":{"start":{"line":22,"column":4},"end":{"line":24,"column":null}},"9":{"start":{"line":23,"column":8},"end":{"line":23,"column":38}},"10":{"start":{"line":29,"column":4},"end":{"line":31,"column":null}},"11":{"start":{"line":30,"column":8},"end":{"line":30,"column":38}},"12":{"start":{"line":37,"column":4},"end":{"line":39,"column":null}},"13":{"start":{"line":38,"column":8},"end":{"line":38,"column":29}},"14":{"start":{"line":45,"column":4},"end":{"line":47,"column":null}},"15":{"start":{"line":46,"column":8},"end":{"line":46,"column":29}},"16":{"start":{"line":53,"column":4},"end":{"line":57,"column":null}},"17":{"start":{"line":54,"column":8},"end":{"line":56,"column":19}},"18":{"start":{"line":66,"column":12},"end":{"line":76,"column":null}},"19":{"start":{"line":67,"column":8},"end":{"line":69,"column":null}},"20":{"start":{"line":68,"column":12},"end":{"line":68,"column":28}},"21":{"start":{"line":71,"column":8},"end":{"line":75,"column":10}},"22":{"start":{"line":82,"column":4},"end":{"line":86,"column":null}},"23":{"start":{"line":83,"column":8},"end":{"line":85,"column":21}},"24":{"start":{"line":103,"column":4},"end":{"line":107,"column":null}},"25":{"start":{"line":104,"column":8},"end":{"line":106,"column":24}},"26":{"start":{"line":118,"column":4},"end":{"line":122,"column":null}},"27":{"start":{"line":119,"column":8},"end":{"line":121,"column":19}},"28":{"start":{"line":151,"column":11},"end":{"line":153,"column":null}},"29":{"start":{"line":152,"column":8},"end":{"line":152,"column":47}},"30":{"start":{"line":152,"column":35},"end":{"line":152,"column":47}},"31":{"start":{"line":160,"column":4},"end":{"line":163,"column":null}},"32":{"start":{"line":161,"column":8},"end":{"line":162,"column":39}},"33":{"start":{"line":176,"column":4},"end":{"line":180,"column":null}},"34":{"start":{"line":177,"column":8},"end":{"line":179,"column":19}},"35":{"start":{"line":218,"column":11},"end":{"line":222,"column":null}},"36":{"start":{"line":221,"column":8},"end":{"line":221,"column":51}},"37":{"start":{"line":221,"column":35},"end":{"line":221,"column":51}},"38":{"start":{"line":257,"column":4},"end":{"line":269,"column":null}},"39":{"start":{"line":259,"column":8},"end":{"line":265,"column":null}},"40":{"start":{"line":260,"column":27},"end":{"line":260,"column":49}},"41":{"start":{"line":262,"column":12},"end":{"line":264,"column":29}},"42":{"start":{"line":267,"column":8},"end":{"line":267,"column":22}},"43":{"start":{"line":297,"column":4},"end":{"line":309,"column":null}},"44":{"start":{"line":298,"column":8},"end":{"line":300,"column":null}},"45":{"start":{"line":299,"column":12},"end":{"line":299,"column":26}},"46":{"start":{"line":302,"column":8},"end":{"line":304,"column":null}},"47":{"start":{"line":303,"column":12},"end":{"line":303,"column":62}},"48":{"start":{"line":308,"column":8},"end":{"line":308,"column":44}},"49":{"start":{"line":315,"column":4},"end":{"line":319,"column":null}},"50":{"start":{"line":316,"column":8},"end":{"line":318,"column":19}},"51":{"start":{"line":325,"column":4},"end":{"line":329,"column":null}},"52":{"start":{"line":326,"column":8},"end":{"line":328,"column":17}},"53":{"start":{"line":339,"column":4},"end":{"line":352,"column":null}},"54":{"start":{"line":341,"column":8},"end":{"line":347,"column":null}},"55":{"start":{"line":347,"column":13},"end":{"line":347,"column":null}},"56":{"start":{"line":349,"column":8},"end":{"line":351,"column":18}},"57":{"start":{"line":358,"column":4},"end":{"line":362,"column":null}},"58":{"start":{"line":359,"column":8},"end":{"line":361,"column":15}},"59":{"start":{"line":368,"column":4},"end":{"line":372,"column":null}},"60":{"start":{"line":369,"column":8},"end":{"line":371,"column":22}},"61":{"start":{"line":384,"column":4},"end":{"line":388,"column":null}},"62":{"start":{"line":385,"column":8},"end":{"line":387,"column":19}},"63":{"start":{"line":393,"column":4},"end":{"line":395,"column":null}},"64":{"start":{"line":394,"column":8},"end":{"line":394,"column":31}},"65":{"start":{"line":423,"column":4},"end":{"line":429,"column":null}},"66":{"start":{"line":424,"column":28},"end":{"line":426,"column":24}},"67":{"start":{"line":428,"column":8},"end":{"line":428,"column":33}},"68":{"start":{"line":458,"column":4},"end":{"line":461,"column":null}},"69":{"start":{"line":459,"column":8},"end":{"line":459,"column":33}},"70":{"start":{"line":460,"column":8},"end":{"line":460,"column":20}},"71":{"start":{"line":467,"column":11},"end":{"line":471,"column":null}},"72":{"start":{"line":468,"column":8},"end":{"line":470,"column":19}},"73":{"start":{"line":472,"column":0},"end":{"line":472,"column":null}},"74":{"start":{"line":9,"column":13},"end":{"line":9,"column":19}}},"fnMap":{"0":{"name":"(anonymous_0)","decl":{"start":{"line":2,"column":20},"end":{"line":2,"column":26}},"loc":{"start":{"line":2,"column":20},"end":{"line":2,"column":30}}},"1":{"name":"(anonymous_1)","decl":{"start":{"line":4,"column":20},"end":{"line":4,"column":24}},"loc":{"start":{"line":4,"column":30},"end":{"line":4,"column":48}}},"2":{"name":"(anonymous_2)","decl":{"start":{"line":9,"column":0},"end":{"line":9,"column":13}},"loc":{"start":{"line":9,"column":0},"end":{"line":472,"column":null}}},"3":{"name":"Option","decl":{"start":{"line":15,"column":4},"end":{"line":15,"column":24}},"loc":{"start":{"line":15,"column":30},"end":{"line":17,"column":5}}},"4":{"name":"(anonymous_4)","decl":{"start":{"line":22,"column":4},"end":{"line":22,"column":10}},"loc":{"start":{"line":22,"column":4},"end":{"line":24,"column":5}}},"5":{"name":"(anonymous_5)","decl":{"start":{"line":29,"column":4},"end":{"line":29,"column":10}},"loc":{"start":{"line":29,"column":4},"end":{"line":31,"column":5}}},"6":{"name":"(anonymous_6)","decl":{"start":{"line":37,"column":4},"end":{"line":37,"column":10}},"loc":{"start":{"line":37,"column":4},"end":{"line":39,"column":5}}},"7":{"name":"(anonymous_7)","decl":{"start":{"line":45,"column":4},"end":{"line":45,"column":12}},"loc":{"start":{"line":45,"column":4},"end":{"line":47,"column":5}}},"8":{"name":"(anonymous_8)","decl":{"start":{"line":53,"column":4},"end":{"line":53,"column":7}},"loc":{"start":{"line":53,"column":4},"end":{"line":57,"column":5}}},"9":{"name":"(anonymous_9)","decl":{"start":{"line":66,"column":4},"end":{"line":66,"column":12}},"loc":{"start":{"line":66,"column":4},"end":{"line":76,"column":5}}},"10":{"name":"(anonymous_10)","decl":{"start":{"line":82,"column":4},"end":{"line":82,"column":13}},"loc":{"start":{"line":82,"column":28},"end":{"line":86,"column":5}}},"11":{"name":"(anonymous_11)","decl":{"start":{"line":103,"column":4},"end":{"line":103,"column":10}},"loc":{"start":{"line":103,"column":36},"end":{"line":107,"column":5}}},"12":{"name":"(anonymous_12)","decl":{"start":{"line":118,"column":4},"end":{"line":118,"column":7}},"loc":{"start":{"line":118,"column":28},"end":{"line":122,"column":5}}},"13":{"name":"(anonymous_13)","decl":{"start":{"line":151,"column":4},"end":{"line":151,"column":11}},"loc":{"start":{"line":151,"column":38},"end":{"line":153,"column":5}}},"14":{"name":"(anonymous_14)","decl":{"start":{"line":152,"column":15},"end":{"line":152,"column":16}},"loc":{"start":{"line":152,"column":30},"end":{"line":152,"column":38}}},"15":{"name":"(anonymous_15)","decl":{"start":{"line":160,"column":4},"end":{"line":160,"column":8}},"loc":{"start":{"line":160,"column":49},"end":{"line":163,"column":5}}},"16":{"name":"(anonymous_16)","decl":{"start":{"line":176,"column":4},"end":{"line":176,"column":11}},"loc":{"start":{"line":176,"column":40},"end":{"line":180,"column":5}}},"17":{"name":"(anonymous_17)","decl":{"start":{"line":218,"column":4},"end":{"line":218,"column":11}},"loc":{"start":{"line":219,"column":33},"end":{"line":222,"column":5}}},"18":{"name":"(anonymous_18)","decl":{"start":{"line":221,"column":15},"end":{"line":221,"column":16}},"loc":{"start":{"line":221,"column":30},"end":{"line":221,"column":38}}},"19":{"name":"(anonymous_19)","decl":{"start":{"line":257,"column":4},"end":{"line":257,"column":8}},"loc":{"start":{"line":257,"column":41},"end":{"line":269,"column":5}}},"20":{"name":"(anonymous_20)","decl":{"start":{"line":297,"column":4},"end":{"line":297,"column":11}},"loc":{"start":{"line":297,"column":4},"end":{"line":309,"column":5}}},"21":{"name":"(anonymous_21)","decl":{"start":{"line":315,"column":4},"end":{"line":315,"column":10}},"loc":{"start":{"line":315,"column":40},"end":{"line":319,"column":5}}},"22":{"name":"(anonymous_22)","decl":{"start":{"line":325,"column":4},"end":{"line":325,"column":13}},"loc":{"start":{"line":325,"column":43},"end":{"line":329,"column":5}}},"23":{"name":"(anonymous_23)","decl":{"start":{"line":339,"column":4},"end":{"line":339,"column":12}},"loc":{"start":{"line":347,"column":30},"end":{"line":352,"column":5}}},"24":{"name":"(anonymous_24)","decl":{"start":{"line":341,"column":8},"end":{"line":341,"column":null}},"loc":{"start":{"line":346,"column":18},"end":{"line":347,"column":19}}},"25":{"name":"(anonymous_25)","decl":{"start":{"line":358,"column":4},"end":{"line":358,"column":11}},"loc":{"start":{"line":358,"column":4},"end":{"line":362,"column":5}}},"26":{"name":"(anonymous_26)","decl":{"start":{"line":368,"column":4},"end":{"line":368,"column":9}},"loc":{"start":{"line":368,"column":4},"end":{"line":372,"column":5}}},"27":{"name":"(anonymous_27)","decl":{"start":{"line":384,"column":4},"end":{"line":384,"column":12}},"loc":{"start":{"line":384,"column":4},"end":{"line":388,"column":5}}},"28":{"name":"(anonymous_28)","decl":{"start":{"line":393,"column":4},"end":{"line":393,"column":9}},"loc":{"start":{"line":393,"column":4},"end":{"line":395,"column":5}}},"29":{"name":"(anonymous_29)","decl":{"start":{"line":423,"column":4},"end":{"line":423,"column":7}},"loc":{"start":{"line":423,"column":47},"end":{"line":429,"column":5}}},"30":{"name":"(anonymous_30)","decl":{"start":{"line":458,"column":4},"end":{"line":458,"column":18}},"loc":{"start":{"line":458,"column":58},"end":{"line":461,"column":5}}},"31":{"name":"(anonymous_31)","decl":{"start":{"line":467,"column":4},"end":{"line":467,"column":11}},"loc":{"start":{"line":467,"column":24},"end":{"line":471,"column":5}}}},"branchMap":{"0":{"loc":{"start":{"line":55,"column":12},"end":{"line":55,"column":20}},"type":"cond-expr","locations":[{"start":{"line":55,"column":12},"end":{"line":55,"column":20}},{"start":{"line":56,"column":12},"end":{"line":56,"column":18}}]},"1":{"loc":{"start":{"line":67,"column":8},"end":{"line":69,"column":null}},"type":"if","locations":[{"start":{"line":67,"column":8},"end":{"line":69,"column":null}},{"start":{"line":67,"column":8},"end":{"line":69,"column":null}}]},"2":{"loc":{"start":{"line":84,"column":12},"end":{"line":84,"column":30}},"type":"cond-expr","locations":[{"start":{"line":84,"column":12},"end":{"line":84,"column":30}},{"start":{"line":85,"column":12},"end":{"line":85,"column":20}}]},"3":{"loc":{"start":{"line":105,"column":12},"end":{"line":105,"column":16}},"type":"cond-expr","locations":[{"start":{"line":105,"column":12},"end":{"line":105,"column":16}},{"start":{"line":106,"column":12},"end":{"line":106,"column":23}}]},"4":{"loc":{"start":{"line":120,"column":12},"end":{"line":120,"column":40}},"type":"cond-expr","locations":[{"start":{"line":120,"column":12},"end":{"line":120,"column":40}},{"start":{"line":121,"column":12},"end":{"line":121,"column":18}}]},"5":{"loc":{"start":{"line":178,"column":12},"end":{"line":178,"column":34}},"type":"cond-expr","locations":[{"start":{"line":178,"column":12},"end":{"line":178,"column":34}},{"start":{"line":179,"column":12},"end":{"line":179,"column":18}}]},"6":{"loc":{"start":{"line":259,"column":8},"end":{"line":265,"column":null}},"type":"if","locations":[{"start":{"line":259,"column":8},"end":{"line":265,"column":null}},{"start":{"line":259,"column":8},"end":{"line":265,"column":null}}]},"7":{"loc":{"start":{"line":263,"column":16},"end":{"line":263,"column":22}},"type":"cond-expr","locations":[{"start":{"line":263,"column":16},"end":{"line":263,"column":22}},{"start":{"line":264,"column":16},"end":{"line":264,"column":28}}]},"8":{"loc":{"start":{"line":298,"column":8},"end":{"line":300,"column":null}},"type":"if","locations":[{"start":{"line":298,"column":8},"end":{"line":300,"column":null}},{"start":{"line":298,"column":8},"end":{"line":300,"column":null}}]},"9":{"loc":{"start":{"line":302,"column":8},"end":{"line":304,"column":null}},"type":"if","locations":[{"start":{"line":302,"column":8},"end":{"line":304,"column":null}},{"start":{"line":302,"column":8},"end":{"line":304,"column":null}}]},"10":{"loc":{"start":{"line":302,"column":12},"end":{"line":302,"column":25}},"type":"binary-expr","locations":[{"start":{"line":302,"column":12},"end":{"line":302,"column":25}},{"start":{"line":302,"column":29},"end":{"line":302,"column":57}}]},"11":{"loc":{"start":{"line":317,"column":12},"end":{"line":317,"column":16}},"type":"cond-expr","locations":[{"start":{"line":317,"column":12},"end":{"line":317,"column":16}},{"start":{"line":318,"column":12},"end":{"line":318,"column":18}}]},"12":{"loc":{"start":{"line":316,"column":15},"end":{"line":316,"column":28}},"type":"binary-expr","locations":[{"start":{"line":316,"column":15},"end":{"line":316,"column":28}},{"start":{"line":316,"column":32},"end":{"line":316,"column":60}}]},"13":{"loc":{"start":{"line":327,"column":12},"end":{"line":327,"column":18}},"type":"cond-expr","locations":[{"start":{"line":327,"column":12},"end":{"line":327,"column":18}},{"start":{"line":328,"column":12},"end":{"line":328,"column":16}}]},"14":{"loc":{"start":{"line":326,"column":15},"end":{"line":326,"column":28}},"type":"binary-expr","locations":[{"start":{"line":326,"column":15},"end":{"line":326,"column":28}},{"start":{"line":326,"column":32},"end":{"line":326,"column":60}}]},"15":{"loc":{"start":{"line":341,"column":8},"end":{"line":347,"column":null}},"type":"if","locations":[{"start":{"line":341,"column":8},"end":{"line":347,"column":null}},{"start":{"line":341,"column":8},"end":{"line":347,"column":null}}]},"16":{"loc":{"start":{"line":350,"column":12},"end":{"line":350,"column":16}},"type":"cond-expr","locations":[{"start":{"line":350,"column":12},"end":{"line":350,"column":16}},{"start":{"line":351,"column":12},"end":{"line":351,"column":17}}]},"17":{"loc":{"start":{"line":349,"column":15},"end":{"line":349,"column":28}},"type":"binary-expr","locations":[{"start":{"line":349,"column":15},"end":{"line":349,"column":28}},{"start":{"line":349,"column":32},"end":{"line":349,"column":67}}]},"18":{"loc":{"start":{"line":360,"column":12},"end":{"line":360,"column":32}},"type":"cond-expr","locations":[{"start":{"line":360,"column":12},"end":{"line":360,"column":32}},{"start":{"line":361,"column":12},"end":{"line":361,"column":14}}]},"19":{"loc":{"start":{"line":370,"column":12},"end":{"line":370,"column":48}},"type":"cond-expr","locations":[{"start":{"line":370,"column":12},"end":{"line":370,"column":48}},{"start":{"line":371,"column":12},"end":{"line":371,"column":21}}]},"20":{"loc":{"start":{"line":386,"column":12},"end":{"line":386,"column":41}},"type":"cond-expr","locations":[{"start":{"line":386,"column":12},"end":{"line":386,"column":41}},{"start":{"line":387,"column":12},"end":{"line":387,"column":18}}]},"21":{"loc":{"start":{"line":425,"column":12},"end":{"line":425,"column":32}},"type":"cond-expr","locations":[{"start":{"line":425,"column":12},"end":{"line":425,"column":32}},{"start":{"line":426,"column":12},"end":{"line":426,"column":24}}]},"22":{"loc":{"start":{"line":469,"column":12},"end":{"line":469,"column":21}},"type":"cond-expr","locations":[{"start":{"line":469,"column":12},"end":{"line":469,"column":21}},{"start":{"line":470,"column":12},"end":{"line":470,"column":18}}]}},"s":{"0":2,"1":48,"2":2,"3":2,"4":61,"5":2,"6":2,"7":109,"8":2,"9":5,"10":2,"11":100,"12":2,"13":2,"14":2,"15":2,"16":2,"17":8,"18":2,"19":32,"20":31,"21":1,"22":2,"23":7,"24":2,"25":2,"26":2,"27":10,"28":2,"29":1,"30":1,"31":2,"32":3,"33":2,"34":3,"35":2,"36":1,"37":1,"38":2,"39":6,"40":4,"41":4,"42":2,"43":2,"44":3,"45":1,"46":2,"47":1,"48":1,"49":2,"50":3,"51":2,"52":3,"53":2,"54":7,"55":2,"56":4,"57":2,"58":2,"59":2,"60":2,"61":2,"62":10,"63":2,"64":8,"65":2,"66":8,"67":8,"68":2,"69":4,"70":4,"71":2,"72":2,"73":2,"74":2},"f":{"0":48,"1":61,"2":2,"3":109,"4":5,"5":100,"6":2,"7":2,"8":8,"9":32,"10":7,"11":2,"12":10,"13":1,"14":1,"15":3,"16":3,"17":1,"18":1,"19":6,"20":3,"21":3,"22":3,"23":4,"24":2,"25":2,"26":2,"27":10,"28":8,"29":8,"30":4,"31":2},"b":{"0":[7,1],"1":[31,1],"2":[3,4],"3":[1,1],"4":[5,5],"5":[2,1],"6":[4,2],"7":[2,2],"8":[1,2],"9":[1,1],"10":[2,2],"11":[1,2],"12":[3,2],"13":[1,2],"14":[3,2],"15":[3,1],"16":[2,2],"17":[4,3],"18":[1,1],"19":[1,1],"20":[5,5],"21":[6,2],"22":[1,1]}}
}
