TN:
SF:src/index.ts
FN:1,(anonymous_0)
FN:2,(anonymous_1)
FN:7,(anonymous_2)
FN:13,Option
FN:20,(anonymous_4)
FN:27,(anonymous_5)
FN:35,(anonymous_6)
FN:43,(anonymous_7)
FN:50,(anonymous_8)
FN:60,(anonymous_9)
FN:75,(anonymous_10)
FN:93,(anonymous_11)
FN:103,(anonymous_12)
FN:130,(anonymous_13)
FN:131,(anonymous_14)
FN:138,(anonymous_15)
FN:147,(anonymous_16)
FN:181,(anonymous_17)
FN:182,(anonymous_18)
FN:189,(anonymous_19)
FN:204,(anonymous_20)
FN:214,(anonymous_21)
FN:226,(anonymous_22)
FN:228,(anonymous_23)
FN:238,(anonymous_24)
FN:247,(anonymous_25)
FN:262,(anonymous_26)
FN:268,(anonymous_27)
FNF:28
FNH:23
FNDA:33,(anonymous_0)
FNDA:36,(anonymous_1)
FNDA:2,(anonymous_2)
FNDA:69,Option
FNDA:5,(anonymous_4)
FNDA:56,(anonymous_5)
FNDA:2,(anonymous_6)
FNDA:2,(anonymous_7)
FNDA:4,(anonymous_8)
FNDA:16,(anonymous_9)
FNDA:4,(anonymous_10)
FNDA:2,(anonymous_11)
FNDA:4,(anonymous_12)
FNDA:0,(anonymous_13)
FNDA:0,(anonymous_14)
FNDA:2,(anonymous_15)
FNDA:2,(anonymous_16)
FNDA:0,(anonymous_17)
FNDA:0,(anonymous_18)
FNDA:3,(anonymous_19)
FNDA:3,(anonymous_20)
FNDA:3,(anonymous_21)
FNDA:4,(anonymous_22)
FNDA:2,(anonymous_23)
FNDA:2,(anonymous_24)
FNDA:2,(anonymous_25)
FNDA:2,(anonymous_26)
FNDA:0,(anonymous_27)
DA:1,33
DA:2,36
DA:7,2
DA:14,69
DA:20,2
DA:21,5
DA:27,2
DA:28,56
DA:35,2
DA:36,2
DA:43,2
DA:44,2
DA:50,2
DA:51,4
DA:60,2
DA:61,16
DA:62,16
DA:65,0
DA:75,2
DA:76,4
DA:93,2
DA:94,2
DA:103,2
DA:104,4
DA:130,2
DA:131,0
DA:138,2
DA:139,2
DA:147,2
DA:148,2
DA:181,2
DA:182,0
DA:189,2
DA:190,3
DA:191,1
DA:194,2
DA:195,1
DA:198,1
DA:204,2
DA:205,3
DA:214,2
DA:215,3
DA:226,2
DA:228,7
DA:230,4
DA:238,2
DA:239,2
DA:247,2
DA:248,2
DA:262,2
DA:263,2
DA:268,2
DA:269,0
DA:273,2
LF:54
LH:50
BRDA:52,0,0,3
BRDA:52,0,1,1
BRDA:61,1,0,16
BRDA:61,1,1,0
BRDA:77,2,0,2
BRDA:77,2,1,2
BRDA:95,3,0,1
BRDA:95,3,1,1
BRDA:105,4,0,2
BRDA:105,4,1,2
BRDA:149,5,0,1
BRDA:149,5,1,1
BRDA:190,6,0,1
BRDA:190,6,1,2
BRDA:194,7,0,1
BRDA:194,7,1,1
BRDA:194,8,0,2
BRDA:194,8,1,2
BRDA:206,9,0,1
BRDA:206,9,1,2
BRDA:205,10,0,3
BRDA:205,10,1,2
BRDA:216,11,0,1
BRDA:216,11,1,2
BRDA:215,12,0,3
BRDA:215,12,1,2
BRDA:228,13,0,3
BRDA:228,13,1,1
BRDA:231,14,0,2
BRDA:231,14,1,2
BRDA:230,15,0,4
BRDA:230,15,1,3
BRDA:240,16,0,1
BRDA:240,16,1,1
BRDA:249,17,0,1
BRDA:249,17,1,1
BRDA:264,18,0,1
BRDA:264,18,1,1
BRDA:270,19,0,0
BRDA:270,19,1,0
BRF:40
BRH:37
end_of_record
