TN:
SF:src/index.ts
FN:2,(anonymous_0)
FN:4,(anonymous_1)
FN:9,(anonymous_2)
FN:15,Option
FN:22,(anonymous_4)
FN:29,(anonymous_5)
FN:37,(anonymous_6)
FN:45,(anonymous_7)
FN:53,(anonymous_8)
FN:66,(anonymous_9)
FN:82,(anonymous_10)
FN:103,(anonymous_11)
FN:118,(anonymous_12)
FN:151,(anonymous_13)
FN:152,(anonymous_14)
FN:160,(anonymous_15)
FN:176,(anonymous_16)
FN:218,(anonymous_17)
FN:221,(anonymous_18)
FN:257,(anonymous_19)
FN:297,(anonymous_20)
FN:315,(anonymous_21)
FN:325,(anonymous_22)
FN:339,(anonymous_23)
FN:341,(anonymous_24)
FN:358,(anonymous_25)
FN:368,(anonymous_26)
FN:384,(anonymous_27)
FN:393,(anonymous_28)
FN:423,(anonymous_29)
FN:458,(anonymous_30)
FN:467,(anonymous_31)
FNF:32
FNH:32
FNDA:48,(anonymous_0)
FNDA:61,(anonymous_1)
FNDA:2,(anonymous_2)
FNDA:109,Option
FNDA:5,(anonymous_4)
FNDA:100,(anonymous_5)
FNDA:2,(anonymous_6)
FNDA:2,(anonymous_7)
FNDA:8,(anonymous_8)
FNDA:32,(anonymous_9)
FNDA:7,(anonymous_10)
FNDA:2,(anonymous_11)
FNDA:10,(anonymous_12)
FNDA:1,(anonymous_13)
FNDA:1,(anonymous_14)
FNDA:3,(anonymous_15)
FNDA:3,(anonymous_16)
FNDA:1,(anonymous_17)
FNDA:1,(anonymous_18)
FNDA:6,(anonymous_19)
FNDA:3,(anonymous_20)
FNDA:3,(anonymous_21)
FNDA:3,(anonymous_22)
FNDA:4,(anonymous_23)
FNDA:2,(anonymous_24)
FNDA:2,(anonymous_25)
FNDA:2,(anonymous_26)
FNDA:10,(anonymous_27)
FNDA:8,(anonymous_28)
FNDA:8,(anonymous_29)
FNDA:4,(anonymous_30)
FNDA:2,(anonymous_31)
DA:2,48
DA:4,61
DA:9,2
DA:16,109
DA:22,2
DA:23,5
DA:29,2
DA:30,100
DA:37,2
DA:38,2
DA:45,2
DA:46,2
DA:53,2
DA:54,8
DA:66,2
DA:67,32
DA:68,31
DA:71,1
DA:82,2
DA:83,7
DA:103,2
DA:104,2
DA:118,2
DA:119,10
DA:151,2
DA:152,1
DA:160,2
DA:161,3
DA:176,2
DA:177,3
DA:218,2
DA:221,1
DA:257,2
DA:259,6
DA:260,4
DA:262,4
DA:267,2
DA:297,2
DA:298,3
DA:299,1
DA:302,2
DA:303,1
DA:308,1
DA:315,2
DA:316,3
DA:325,2
DA:326,3
DA:339,2
DA:341,7
DA:347,2
DA:349,4
DA:358,2
DA:359,2
DA:368,2
DA:369,2
DA:384,2
DA:385,10
DA:393,2
DA:394,8
DA:423,2
DA:424,8
DA:428,8
DA:458,2
DA:459,4
DA:460,4
DA:467,2
DA:468,2
DA:472,2
LF:68
LH:68
BRDA:55,0,0,7
BRDA:55,0,1,1
BRDA:67,1,0,31
BRDA:67,1,1,1
BRDA:84,2,0,3
BRDA:84,2,1,4
BRDA:105,3,0,1
BRDA:105,3,1,1
BRDA:120,4,0,5
BRDA:120,4,1,5
BRDA:178,5,0,2
BRDA:178,5,1,1
BRDA:259,6,0,4
BRDA:259,6,1,2
BRDA:263,7,0,2
BRDA:263,7,1,2
BRDA:298,8,0,1
BRDA:298,8,1,2
BRDA:302,9,0,1
BRDA:302,9,1,1
BRDA:302,10,0,2
BRDA:302,10,1,2
BRDA:317,11,0,1
BRDA:317,11,1,2
BRDA:316,12,0,3
BRDA:316,12,1,2
BRDA:327,13,0,1
BRDA:327,13,1,2
BRDA:326,14,0,3
BRDA:326,14,1,2
BRDA:341,15,0,3
BRDA:341,15,1,1
BRDA:350,16,0,2
BRDA:350,16,1,2
BRDA:349,17,0,4
BRDA:349,17,1,3
BRDA:360,18,0,1
BRDA:360,18,1,1
BRDA:370,19,0,1
BRDA:370,19,1,1
BRDA:386,20,0,5
BRDA:386,20,1,5
BRDA:425,21,0,6
BRDA:425,21,1,2
BRDA:469,22,0,1
BRDA:469,22,1,1
BRF:46
BRH:46
end_of_record
